TN:
SF:eslint.config.js
FNF:0
FNH:0
DA:2,0
DA:3,0
DA:5,0
LF:3
LH:0
BRF:0
BRH:0
end_of_record
TN:
SF:app\_layout.tsx
FN:12,AppStack
FN:19,(anonymous_1)
FN:46,RootLayout
FNF:3
FNH:0
FNDA:0,AppStack
FNDA:0,(anonymous_1)
FNDA:0,RootLayout
DA:10,0
DA:13,0
DA:16,0
DA:18,0
DA:19,0
DA:20,0
DA:34,0
DA:47,0
DA:50,0
DA:51,0
DA:53,0
DA:55,0
LF:12
LH:0
BRDA:16,0,0,0
BRDA:16,0,1,0
BRDA:50,1,0,0
BRDA:50,1,1,0
BRDA:56,2,0,0
BRDA:56,2,1,0
BRDA:56,3,0,0
BRDA:56,3,1,0
BRF:8
BRH:0
end_of_record
TN:
SF:app\login.tsx
FN:5,Login
FN:9,(anonymous_1)
FNF:2
FNH:0
FNDA:0,Login
FNDA:0,(anonymous_1)
DA:7,0
DA:9,0
DA:10,0
DA:11,0
DA:15,0
DA:19,0
DA:20,0
DA:27,0
LF:8
LH:0
BRDA:19,0,0,0
BRDA:19,0,1,0
BRDA:32,1,0,0
BRDA:32,1,1,0
BRF:4
BRH:0
end_of_record
TN:
SF:app\(tabs)\_layout.tsx
FN:5,TabLayout
FN:22,(anonymous_1)
FN:31,(anonymous_2)
FN:40,(anonymous_3)
FN:49,(anonymous_4)
FN:58,(anonymous_5)
FNF:6
FNH:0
FNDA:0,TabLayout
FNDA:0,(anonymous_1)
FNDA:0,(anonymous_2)
FNDA:0,(anonymous_3)
FNDA:0,(anonymous_4)
FNDA:0,(anonymous_5)
DA:6,0
DA:8,0
DA:22,0
DA:31,0
DA:40,0
DA:49,0
DA:58,0
LF:7
LH:0
BRF:0
BRH:0
end_of_record
TN:
SF:app\(tabs)\(couriers)\_layout.tsx
FN:6,CourierLayout
FN:14,(anonymous_1)
FN:18,(anonymous_2)
FNF:3
FNH:0
FNDA:0,CourierLayout
FNDA:0,(anonymous_1)
FNDA:0,(anonymous_2)
DA:7,0
DA:15,0
DA:19,0
LF:3
LH:0
BRF:0
BRH:0
end_of_record
TN:
SF:app\(tabs)\(couriers)\index.tsx
FN:4,CourierList
FNF:1
FNH:0
FNDA:0,CourierList
DA:5,0
LF:1
LH:0
BRF:0
BRH:0
end_of_record
TN:
SF:app\(tabs)\(couriers)\new.tsx
FN:3,NewCourier
FNF:1
FNH:0
FNDA:0,NewCourier
DA:4,0
LF:1
LH:0
BRF:0
BRH:0
end_of_record
TN:
SF:app\(tabs)\(customers)\_layout.tsx
FN:6,CustomerLayout
FN:14,(anonymous_1)
FN:18,(anonymous_2)
FNF:3
FNH:0
FNDA:0,CustomerLayout
FNDA:0,(anonymous_1)
FNDA:0,(anonymous_2)
DA:7,0
DA:15,0
DA:19,0
LF:3
LH:0
BRF:0
BRH:0
end_of_record
TN:
SF:app\(tabs)\(customers)\index.tsx
FN:4,CustomerList
FNF:1
FNH:0
FNDA:0,CustomerList
DA:5,0
LF:1
LH:0
BRF:0
BRH:0
end_of_record
TN:
SF:app\(tabs)\(customers)\new.tsx
FN:3,NewCustomer
FNF:1
FNH:0
FNDA:0,NewCustomer
DA:4,0
LF:1
LH:0
BRF:0
BRH:0
end_of_record
TN:
SF:app\(tabs)\(deliveries)\[deliveryId].tsx
FN:3,ShowDeliveryDetails
FNF:1
FNH:0
FNDA:0,ShowDeliveryDetails
DA:4,0
LF:1
LH:0
BRF:0
BRH:0
end_of_record
TN:
SF:app\(tabs)\(deliveries)\_layout.tsx
FN:6,DeliveryLayout
FN:14,(anonymous_1)
FN:18,(anonymous_2)
FNF:3
FNH:0
FNDA:0,DeliveryLayout
FNDA:0,(anonymous_1)
FNDA:0,(anonymous_2)
DA:7,0
DA:15,0
DA:19,0
LF:3
LH:0
BRF:0
BRH:0
end_of_record
TN:
SF:app\(tabs)\(deliveries)\assign.tsx
FN:3,AssignMobileDelivery
FNF:1
FNH:0
FNDA:0,AssignMobileDelivery
DA:4,0
LF:1
LH:0
BRF:0
BRH:0
end_of_record
TN:
SF:app\(tabs)\(deliveries)\copy.tsx
FN:3,CopyDelivery
FNF:1
FNH:0
FNDA:0,CopyDelivery
DA:4,0
LF:1
LH:0
BRF:0
BRH:0
end_of_record
TN:
SF:app\(tabs)\(deliveries)\edit.tsx
FN:3,EditDelivery
FNF:1
FNH:0
FNDA:0,EditDelivery
DA:4,0
LF:1
LH:0
BRF:0
BRH:0
end_of_record
TN:
SF:app\(tabs)\(deliveries)\index.tsx
FN:4,DeliveryList
FNF:1
FNH:0
FNDA:0,DeliveryList
DA:5,0
LF:1
LH:0
BRF:0
BRH:0
end_of_record
TN:
SF:app\(tabs)\(deliveries)\new.tsx
FN:3,NewDelivery
FNF:1
FNH:0
FNDA:0,NewDelivery
DA:4,0
LF:1
LH:0
BRF:0
BRH:0
end_of_record
TN:
SF:app\(tabs)\(myDeliveries)\[stepId].tsx
FN:3,MyDeliveryStepDetails
FNF:1
FNH:0
FNDA:0,MyDeliveryStepDetails
DA:4,0
LF:1
LH:0
BRF:0
BRH:0
end_of_record
TN:
SF:app\(tabs)\(myDeliveries)\_layout.tsx
FN:4,MyDeliveryLayout
FNF:1
FNH:0
FNDA:0,MyDeliveryLayout
DA:5,0
LF:1
LH:0
BRF:0
BRH:0
end_of_record
TN:
SF:app\(tabs)\(myDeliveries)\index.tsx
FN:4,MyDelivery
FNF:1
FNH:0
FNDA:0,MyDelivery
DA:5,0
LF:1
LH:0
BRF:0
BRH:0
end_of_record
TN:
SF:app\(tabs)\(reports)\[reportId].tsx
FN:3,ReportDetails
FNF:1
FNH:0
FNDA:0,ReportDetails
DA:4,0
LF:1
LH:0
BRF:0
BRH:0
end_of_record
TN:
SF:app\(tabs)\(reports)\_layout.tsx
FN:4,ReportLayout
FNF:1
FNH:0
FNDA:0,ReportLayout
DA:5,0
LF:1
LH:0
BRF:0
BRH:0
end_of_record
TN:
SF:app\(tabs)\(reports)\index.tsx
FN:3,ReportList
FNF:1
FNH:0
FNDA:0,ReportList
DA:4,0
LF:1
LH:0
BRF:0
BRH:0
end_of_record
TN:
SF:bootstrapper\AppBootstrapper.ts
FN:6,(anonymous_0)
FNF:1
FNH:0
FNDA:0,(anonymous_0)
DA:7,0
LF:1
LH:0
BRF:0
BRH:0
end_of_record
TN:
SF:bootstrapper\IOCContainerBootstrapper.ts
FN:17,(anonymous_0)
FN:30,(anonymous_1)
FN:34,(anonymous_2)
FN:58,(anonymous_3)
FN:62,(anonymous_4)
FNF:5
FNH:0
FNDA:0,(anonymous_0)
FNDA:0,(anonymous_1)
FNDA:0,(anonymous_2)
FNDA:0,(anonymous_3)
FNDA:0,(anonymous_4)
DA:19,0
DA:21,0
DA:25,0
DA:27,0
DA:31,0
DA:35,0
DA:36,0
DA:37,0
DA:40,0
DA:48,0
DA:59,0
DA:63,0
LF:12
LH:0
BRDA:36,0,0,0
BRDA:36,0,1,0
BRF:2
BRH:0
end_of_record
TN:
SF:bootstrapper\constants\IOCContainer.ts
FNF:0
FNH:0
DA:3,1
LF:1
LH:1
BRF:0
BRH:0
end_of_record
TN:
SF:bootstrapper\constants\ServicesIdentifiers.ts
FNF:0
FNH:0
DA:1,2
LF:1
LH:1
BRF:0
BRH:0
end_of_record
TN:
SF:bootstrapper\interceptors\Interceptors.ts
FN:12,(anonymous_0)
FN:20,(anonymous_1)
FN:22,(anonymous_2)
FN:26,(anonymous_3)
FNF:4
FNH:0
FNDA:0,(anonymous_0)
FNDA:0,(anonymous_1)
FNDA:0,(anonymous_2)
FNDA:0,(anonymous_3)
DA:13,0
DA:16,0
DA:17,0
DA:21,0
DA:23,0
DA:24,0
DA:27,0
DA:28,0
LF:8
LH:0
BRF:0
BRH:0
end_of_record
TN:
SF:components\general\HapticTab.tsx
FN:5,HapticTab
FN:9,(anonymous_1)
FNF:2
FNH:0
FNDA:0,HapticTab
FNDA:0,(anonymous_1)
DA:6,0
DA:10,0
DA:12,0
DA:14,0
LF:4
LH:0
BRDA:10,0,0,0
BRDA:10,0,1,0
BRF:2
BRH:0
end_of_record
TN:
SF:components\general\TabBarBackground.ios.tsx
FN:5,BlurTabBarBackground
FN:17,useBottomTabOverflow
FNF:2
FNH:0
FNDA:0,BlurTabBarBackground
FNDA:0,useBottomTabOverflow
DA:6,0
DA:18,0
LF:2
LH:0
BRF:0
BRH:0
end_of_record
TN:
SF:components\general\TabBarBackground.tsx
FN:4,useBottomTabOverflow
FNF:1
FNH:0
FNDA:0,useBottomTabOverflow
DA:5,0
LF:1
LH:0
BRF:0
BRH:0
end_of_record
TN:
SF:components\general\TimePickerInput.tsx
FN:15,TimePickerInput
FN:18,(anonymous_1)
FN:23,(anonymous_2)
FN:33,(anonymous_3)
FNF:4
FNH:0
FNDA:0,TimePickerInput
FNDA:0,(anonymous_1)
FNDA:0,(anonymous_2)
FNDA:0,(anonymous_3)
DA:16,0
DA:18,0
DA:19,0
DA:20,0
DA:23,0
DA:24,0
DA:25,0
DA:26,0
DA:29,0
DA:34,0
DA:35,0
LF:11
LH:0
BRF:0
BRH:0
end_of_record
TN:
SF:components\themed\ThemedAddressInput.tsx
FN:22,(anonymous_0)
FN:40,debounce
FN:42,(anonymous_2)
FN:44,(anonymous_3)
FN:57,(anonymous_4)
FN:63,(anonymous_5)
FN:72,(anonymous_6)
FN:78,(anonymous_7)
FN:84,(anonymous_8)
FN:99,(anonymous_9)
FN:103,(anonymous_10)
FN:130,(anonymous_11)
FN:137,(anonymous_12)
FN:142,(anonymous_13)
FN:158,AddressOption
FN:161,(anonymous_15)
FNF:16
FNH:3
FNDA:2,(anonymous_0)
FNDA:2,debounce
FNDA:0,(anonymous_2)
FNDA:0,(anonymous_3)
FNDA:0,(anonymous_4)
FNDA:0,(anonymous_5)
FNDA:0,(anonymous_6)
FNDA:1,(anonymous_7)
FNDA:0,(anonymous_8)
FNDA:0,(anonymous_9)
FNDA:0,(anonymous_10)
FNDA:0,(anonymous_11)
FNDA:0,(anonymous_12)
FNDA:0,(anonymous_13)
FNDA:0,AddressOption
FNDA:0,(anonymous_15)
DA:22,1
DA:32,2
DA:33,2
DA:35,2
DA:42,2
DA:43,0
DA:44,0
DA:45,0
DA:50,2
DA:52,2
DA:53,2
DA:56,2
DA:58,0
DA:63,2
DA:64,0
DA:65,0
DA:68,2
DA:70,2
DA:72,2
DA:73,0
DA:74,0
DA:75,0
DA:78,2
DA:79,1
DA:80,1
DA:81,1
DA:84,0
DA:85,0
DA:86,0
DA:88,0
DA:91,2
DA:99,0
DA:104,0
DA:105,0
DA:130,0
DA:138,0
DA:142,0
DA:159,0
DA:161,0
LF:39
LH:18
BRDA:30,0,0,0
BRDA:79,1,0,1
BRDA:79,1,1,0
BRDA:79,2,0,1
BRDA:79,2,1,0
BRDA:97,3,0,2
BRDA:97,3,1,2
BRDA:102,4,0,2
BRDA:102,4,1,0
BRDA:108,5,0,2
BRDA:108,5,1,2
BRDA:112,6,0,2
BRDA:112,6,1,0
BRDA:122,7,0,2
BRDA:122,7,1,0
BRDA:124,8,0,2
BRDA:124,8,1,1
BRDA:124,8,2,0
BRF:18
BRH:11
end_of_record
TN:
SF:components\themed\ThemedCardList.tsx
FN:14,ThemedCardList
FN:31,(anonymous_1)
FN:49,(anonymous_2)
FNF:3
FNH:0
FNDA:0,ThemedCardList
FNDA:0,(anonymous_1)
FNDA:0,(anonymous_2)
DA:15,0
DA:18,0
DA:19,0
DA:31,0
DA:38,0
DA:49,0
LF:6
LH:0
BRDA:18,0,0,0
BRDA:18,0,1,0
BRDA:18,1,0,0
BRDA:18,1,1,0
BRF:4
BRH:0
end_of_record
TN:
SF:components\themed\ThemedCheckbox.tsx
FN:14,(anonymous_0)
FN:31,(anonymous_1)
FNF:2
FNH:0
FNDA:0,(anonymous_0)
FNDA:0,(anonymous_1)
DA:14,0
DA:20,0
DA:22,0
DA:27,0
DA:31,0
LF:5
LH:0
BRDA:30,0,0,0
BRDA:30,0,1,0
BRDA:34,1,0,0
BRDA:34,1,1,0
BRF:4
BRH:0
end_of_record
TN:
SF:components\themed\ThemedInput.tsx
FN:18,(anonymous_0)
FNF:1
FNH:0
FNDA:0,(anonymous_0)
DA:18,0
DA:28,0
DA:30,0
DA:35,0
LF:4
LH:0
BRDA:26,0,0,0
BRDA:37,1,0,0
BRDA:37,1,1,0
BRDA:43,2,0,0
BRDA:43,2,1,0
BRDA:47,3,0,0
BRDA:47,3,1,0
BRDA:55,4,0,0
BRDA:55,4,1,0
BRF:9
BRH:0
end_of_record
TN:
SF:constants\AppStyle.ts
FNF:0
FNH:0
DA:4,0
DA:13,0
LF:2
LH:0
BRF:0
BRH:0
end_of_record
TN:
SF:constants\Colors.ts
FNF:0
FNH:0
DA:6,0
DA:7,0
DA:19,0
LF:3
LH:0
BRF:0
BRH:0
end_of_record
TN:
SF:couriers\components\CourierListDataTable.tsx
FN:1,CourierListDataTable
FNF:1
FNH:0
FNDA:0,CourierListDataTable
LF:0
LH:0
BRF:0
BRH:0
end_of_record
TN:
SF:couriers\models\Courier.ts
FN:11,(anonymous_0)
FNF:1
FNH:0
FNDA:0,(anonymous_0)
DA:18,0
DA:19,0
DA:20,0
DA:21,0
DA:22,0
DA:23,0
LF:6
LH:0
BRF:0
BRH:0
end_of_record
TN:
SF:couriers\views\CourierListView.tsx
FN:5,CourierListView
FNF:1
FNH:0
FNDA:0,CourierListView
DA:6,0
DA:7,0
DA:9,0
LF:3
LH:0
BRF:0
BRH:0
end_of_record
TN:
SF:couriers\views\NewCourierView.tsx
FN:6,NewCourierView
FN:22,(anonymous_1)
FN:28,(anonymous_2)
FN:34,(anonymous_3)
FN:38,(anonymous_4)
FNF:5
FNH:0
FNDA:0,NewCourierView
FNDA:0,(anonymous_1)
FNDA:0,(anonymous_2)
FNDA:0,(anonymous_3)
FNDA:0,(anonymous_4)
DA:7,0
DA:9,0
DA:10,0
DA:11,0
DA:13,0
DA:22,0
DA:28,0
DA:34,0
LF:8
LH:0
BRF:0
BRH:0
end_of_record
TN:
SF:customers\components\CustomerListDataTable.tsx
FN:1,CustomerListDataTable
FNF:1
FNH:0
FNDA:0,CustomerListDataTable
LF:0
LH:0
BRF:0
BRH:0
end_of_record
TN:
SF:customers\hooks\useNewCustomerForm.tsx
FN:49,useNewCustomerForm
FN:74,(anonymous_1)
FNF:2
FNH:0
FNDA:0,useNewCustomerForm
FNDA:0,(anonymous_1)
DA:8,0
DA:19,0
DA:50,0
DA:57,0
DA:74,0
DA:75,0
DA:76,0
DA:77,0
DA:80,0
LF:9
LH:0
BRF:0
BRH:0
end_of_record
TN:
SF:customers\models\Customer.ts
FN:13,(anonymous_0)
FNF:1
FNH:0
FNDA:0,(anonymous_0)
DA:16,0
DA:17,0
LF:2
LH:0
BRF:0
BRH:0
end_of_record
TN:
SF:customers\models\CustomerOptions.ts
FNF:0
FNH:0
LF:0
LH:0
BRF:0
BRH:0
end_of_record
TN:
SF:customers\models\InputCustomer.ts
FN:14,(anonymous_0)
FNF:1
FNH:0
FNDA:0,(anonymous_0)
DA:17,0
DA:18,0
DA:19,0
DA:20,0
DA:21,0
DA:22,0
DA:23,0
DA:24,0
LF:8
LH:0
BRF:0
BRH:0
end_of_record
TN:
SF:customers\services\CustomerStorageContext.ts
FN:16,(anonymous_0)
FN:28,(anonymous_1)
FN:41,(anonymous_2)
FN:53,(anonymous_3)
FN:63,(anonymous_4)
FN:78,(anonymous_5)
FNF:6
FNH:0
FNDA:0,(anonymous_0)
FNDA:0,(anonymous_1)
FNDA:0,(anonymous_2)
FNDA:0,(anonymous_3)
FNDA:0,(anonymous_4)
FNDA:0,(anonymous_5)
DA:21,0
DA:29,0
DA:30,0
DA:37,0
DA:38,0
DA:42,0
DA:43,0
DA:44,0
DA:49,0
DA:50,0
DA:54,0
DA:55,0
DA:59,0
DA:60,0
DA:64,0
DA:65,0
DA:72,0
DA:74,0
DA:75,0
DA:79,0
DA:80,0
DA:81,0
DA:88,0
DA:89,0
LF:24
LH:0
BRDA:80,0,0,0
BRDA:80,0,1,0
BRF:2
BRH:0
end_of_record
TN:
SF:customers\viewModel\CustomerViewModel.ts
FN:19,(anonymous_0)
FN:26,(anonymous_1)
FN:36,(anonymous_2)
FN:43,(anonymous_3)
FN:50,(anonymous_4)
FN:54,(anonymous_5)
FN:59,(anonymous_6)
FN:72,(anonymous_7)
FN:107,useCustomerViewModel
FNF:9
FNH:0
FNDA:0,(anonymous_0)
FNDA:0,(anonymous_1)
FNDA:0,(anonymous_2)
FNDA:0,(anonymous_3)
FNDA:0,(anonymous_4)
FNDA:0,(anonymous_5)
FNDA:0,(anonymous_6)
FNDA:0,(anonymous_7)
FNDA:0,useCustomerViewModel
DA:20,0
DA:21,0
DA:22,0
DA:23,0
DA:27,0
DA:28,0
DA:30,0
DA:37,0
DA:44,0
DA:51,0
DA:55,0
DA:60,0
DA:61,0
DA:65,0
DA:67,0
DA:73,0
DA:74,0
DA:76,0
DA:108,0
LF:19
LH:0
BRDA:27,0,0,0
BRDA:27,0,1,0
BRF:2
BRH:0
end_of_record
TN:
SF:customers\views\CustomerListView.tsx
FN:5,CustomerListView
FNF:1
FNH:0
FNDA:0,CustomerListView
DA:6,0
DA:7,0
DA:9,0
LF:3
LH:0
BRF:0
BRH:0
end_of_record
TN:
SF:customers\views\NewCustomerView.tsx
FN:10,NewCustomerView
FN:98,(anonymous_1)
FNF:2
FNH:0
FNDA:0,NewCustomerView
FNDA:0,(anonymous_1)
DA:11,0
DA:13,0
DA:15,0
DA:16,0
DA:17,0
DA:25,0
DA:98,0
LF:7
LH:0
BRF:0
BRH:0
end_of_record
TN:
SF:deliveries\components\DeliveryCard.tsx
FN:11,DeliveryCard
FN:17,(anonymous_1)
FNF:2
FNH:0
FNDA:0,DeliveryCard
FNDA:0,(anonymous_1)
DA:12,0
DA:14,0
DA:18,0
LF:3
LH:0
BRDA:11,0,0,0
BRDA:16,1,0,0
BRDA:16,1,1,0
BRDA:18,2,0,0
BRDA:18,2,1,0
BRDA:24,3,0,0
BRDA:24,3,1,0
BRDA:25,4,0,0
BRDA:25,4,1,0
BRDA:26,5,0,0
BRDA:26,5,1,0
BRF:11
BRH:0
end_of_record
TN:
SF:deliveries\components\DeliveryCardList.tsx
FN:11,DeliveryCardList
FN:15,(anonymous_1)
FNF:2
FNH:0
FNDA:0,DeliveryCardList
FNDA:0,(anonymous_1)
DA:12,0
DA:16,0
DA:17,0
LF:3
LH:0
BRDA:20,0,0,0
BRDA:20,0,1,0
BRF:2
BRH:0
end_of_record
TN:
SF:deliveries\components\DeliveryDataTableRow.tsx
FN:21,DeliveryDataTableRow
FN:31,(anonymous_1)
FN:53,(anonymous_2)
FN:54,(anonymous_3)
FN:55,(anonymous_4)
FN:56,(anonymous_5)
FN:64,(anonymous_6)
FNF:7
FNH:0
FNDA:0,DeliveryDataTableRow
FNDA:0,(anonymous_1)
FNDA:0,(anonymous_2)
FNDA:0,(anonymous_3)
FNDA:0,(anonymous_4)
FNDA:0,(anonymous_5)
FNDA:0,(anonymous_6)
DA:22,0
DA:24,0
DA:26,0
DA:28,0
DA:32,0
DA:33,0
DA:53,0
DA:54,0
DA:55,0
DA:56,0
DA:64,0
LF:11
LH:0
BRDA:21,0,0,0
BRDA:32,1,0,0
BRDA:32,1,1,0
BRDA:35,2,0,0
BRDA:35,2,1,0
BRDA:47,3,0,0
BRDA:47,3,1,0
BRDA:50,4,0,0
BRDA:50,4,1,0
BRDA:53,5,0,0
BRDA:53,5,1,0
BRDA:54,6,0,0
BRDA:54,6,1,0
BRDA:55,7,0,0
BRDA:55,7,1,0
BRDA:56,8,0,0
BRDA:56,8,1,0
BRDA:59,9,0,0
BRDA:59,9,1,0
BRDA:62,10,0,0
BRDA:62,10,1,0
BRDA:64,11,0,0
BRDA:64,11,1,0
BRF:23
BRH:0
end_of_record
TN:
SF:deliveries\components\DeliveryTadaTable.tsx
FN:20,DeliveryDataTable
FN:37,(anonymous_1)
FNF:2
FNH:0
FNDA:0,DeliveryDataTable
FNDA:0,(anonymous_1)
DA:21,0
DA:23,0
DA:25,0
DA:38,0
LF:4
LH:0
BRDA:40,0,0,0
BRDA:40,0,1,0
BRDA:44,1,0,0
BRDA:44,1,1,0
BRDA:45,2,0,0
BRDA:45,2,1,0
BRDA:46,3,0,0
BRDA:46,3,1,0
BRDA:47,4,0,0
BRDA:47,4,1,0
BRF:10
BRH:0
end_of_record
TN:
SF:deliveries\components\DeliveryTypeIcon.tsx
FN:8,DeliveryTypeIcon
FNF:1
FNH:0
FNDA:0,DeliveryTypeIcon
DA:9,0
DA:11,0
LF:2
LH:0
BRDA:11,0,0,0
BRDA:11,0,1,0
BRF:2
BRH:0
end_of_record
TN:
SF:deliveries\data\defaultDeliveryDetails.ts
FNF:0
FNH:0
DA:3,0
LF:1
LH:0
BRF:0
BRH:0
end_of_record
TN:
SF:deliveries\hooks\useDeliverySelection.ts
FN:5,useDeliverySelection
FN:9,(anonymous_1)
FN:10,(anonymous_2)
FN:13,(anonymous_3)
FN:14,(anonymous_4)
FN:17,(anonymous_5)
FN:20,(anonymous_6)
FN:23,(anonymous_7)
FN:23,(anonymous_8)
FN:24,(anonymous_9)
FN:27,(anonymous_10)
FN:28,(anonymous_11)
FN:30,(anonymous_12)
FN:31,(anonymous_13)
FN:35,(anonymous_14)
FN:36,(anonymous_15)
FN:38,(anonymous_16)
FN:39,(anonymous_17)
FN:44,(anonymous_18)
FN:44,(anonymous_19)
FN:50,(anonymous_20)
FNF:21
FNH:0
FNDA:0,useDeliverySelection
FNDA:0,(anonymous_1)
FNDA:0,(anonymous_2)
FNDA:0,(anonymous_3)
FNDA:0,(anonymous_4)
FNDA:0,(anonymous_5)
FNDA:0,(anonymous_6)
FNDA:0,(anonymous_7)
FNDA:0,(anonymous_8)
FNDA:0,(anonymous_9)
FNDA:0,(anonymous_10)
FNDA:0,(anonymous_11)
FNDA:0,(anonymous_12)
FNDA:0,(anonymous_13)
FNDA:0,(anonymous_14)
FNDA:0,(anonymous_15)
FNDA:0,(anonymous_16)
FNDA:0,(anonymous_17)
FNDA:0,(anonymous_18)
FNDA:0,(anonymous_19)
FNDA:0,(anonymous_20)
DA:6,0
DA:7,0
DA:9,0
DA:10,0
DA:13,0
DA:14,0
DA:17,0
DA:18,0
DA:20,0
DA:22,0
DA:23,0
DA:24,0
DA:27,0
DA:28,0
DA:30,0
DA:31,0
DA:35,0
DA:36,0
DA:37,0
DA:38,0
DA:39,0
DA:42,0
DA:43,0
DA:44,0
DA:45,0
DA:46,0
DA:50,0
DA:51,0
DA:52,0
DA:55,0
LF:30
LH:0
BRDA:18,0,0,0
BRDA:18,0,1,0
BRDA:22,1,0,0
BRDA:22,1,1,0
BRDA:30,2,0,0
BRDA:30,2,1,0
BRDA:37,3,0,0
BRDA:37,3,1,0
BRDA:45,4,0,0
BRDA:45,4,1,0
BRF:10
BRH:0
end_of_record
TN:
SF:deliveries\models\Delivery.ts
FN:18,(anonymous_0)
FNF:1
FNH:0
FNDA:0,(anonymous_0)
DA:19,0
DA:20,0
DA:21,0
DA:22,0
DA:23,0
DA:24,0
DA:25,0
DA:26,0
LF:8
LH:0
BRDA:18,0,0,0
BRDA:18,1,0,0
BRF:2
BRH:0
end_of_record
TN:
SF:deliveries\models\DeliveryDetail.ts
FN:5,(anonymous_0)
FNF:1
FNH:0
FNDA:0,(anonymous_0)
DA:6,0
DA:7,0
LF:2
LH:0
BRF:0
BRH:0
end_of_record
TN:
SF:deliveries\models\DeliveryPacking.ts
FNF:0
FNH:0
LF:0
LH:0
BRF:0
BRH:0
end_of_record
TN:
SF:deliveries\viewModel\DeliveryViewModel.ts
FN:9,(anonymous_0)
FN:15,(anonymous_1)
FN:19,(anonymous_2)
FN:23,(anonymous_3)
FN:24,(anonymous_4)
FN:27,(anonymous_5)
FN:28,(anonymous_6)
FN:31,(anonymous_7)
FN:47,(anonymous_8)
FN:60,(anonymous_9)
FN:65,(anonymous_10)
FN:68,(anonymous_11)
FN:74,(anonymous_12)
FN:83,(anonymous_13)
FN:84,(anonymous_14)
FN:87,(anonymous_15)
FN:88,(anonymous_16)
FN:91,(anonymous_17)
FN:92,(anonymous_18)
FN:95,(anonymous_19)
FN:96,(anonymous_20)
FN:100,useDeliveryViewModel
FNF:22
FNH:0
FNDA:0,(anonymous_0)
FNDA:0,(anonymous_1)
FNDA:0,(anonymous_2)
FNDA:0,(anonymous_3)
FNDA:0,(anonymous_4)
FNDA:0,(anonymous_5)
FNDA:0,(anonymous_6)
FNDA:0,(anonymous_7)
FNDA:0,(anonymous_8)
FNDA:0,(anonymous_9)
FNDA:0,(anonymous_10)
FNDA:0,(anonymous_11)
FNDA:0,(anonymous_12)
FNDA:0,(anonymous_13)
FNDA:0,(anonymous_14)
FNDA:0,(anonymous_15)
FNDA:0,(anonymous_16)
FNDA:0,(anonymous_17)
FNDA:0,(anonymous_18)
FNDA:0,(anonymous_19)
FNDA:0,(anonymous_20)
FNDA:0,useDeliveryViewModel
DA:10,0
DA:11,0
DA:12,0
DA:16,0
DA:20,0
DA:24,0
DA:28,0
DA:33,0
DA:34,0
DA:35,0
DA:36,0
DA:39,0
DA:40,0
DA:41,0
DA:42,0
DA:45,0
DA:47,0
DA:48,0
DA:50,0
DA:52,0
DA:54,0
DA:56,0
DA:60,0
DA:61,0
DA:65,0
DA:66,0
DA:67,0
DA:68,0
DA:69,0
DA:74,0
DA:75,0
DA:76,0
DA:77,0
DA:80,0
DA:84,0
DA:88,0
DA:92,0
DA:96,0
DA:101,0
LF:39
LH:0
BRDA:10,0,0,0
BRDA:10,0,1,0
BRDA:48,1,0,0
BRDA:48,1,1,0
BRDA:48,1,2,0
BRDA:48,1,3,0
BRDA:50,2,0,0
BRDA:50,2,1,0
BRDA:52,3,0,0
BRDA:52,3,1,0
BRDA:54,4,0,0
BRDA:54,4,1,0
BRDA:61,5,0,0
BRDA:61,5,1,0
BRDA:61,5,2,0
BRDA:66,6,0,0
BRDA:66,6,1,0
BRDA:69,7,0,0
BRDA:69,7,1,0
BRDA:70,8,0,0
BRDA:70,8,1,0
BRDA:75,9,0,0
BRDA:75,9,1,0
BRDA:75,10,0,0
BRDA:75,10,1,0
BRDA:84,11,0,0
BRDA:84,11,1,0
BRDA:92,12,0,0
BRDA:92,12,1,0
BRDA:96,13,0,0
BRDA:96,13,1,0
BRF:31
BRH:0
end_of_record
TN:
SF:deliveries\views\DeliveryCopyView.tsx
FN:14,DeliveryCopyView
FN:24,(anonymous_1)
FN:54,(anonymous_2)
FN:60,(anonymous_3)
FN:64,(anonymous_4)
FN:73,(anonymous_5)
FN:73,(anonymous_6)
FN:77,(anonymous_7)
FNF:8
FNH:0
FNDA:0,DeliveryCopyView
FNDA:0,(anonymous_1)
FNDA:0,(anonymous_2)
FNDA:0,(anonymous_3)
FNDA:0,(anonymous_4)
FNDA:0,(anonymous_5)
FNDA:0,(anonymous_6)
FNDA:0,(anonymous_7)
DA:15,0
DA:17,0
DA:19,0
DA:20,0
DA:21,0
DA:22,0
DA:24,0
DA:25,0
DA:26,0
DA:27,0
DA:28,0
DA:29,0
DA:30,0
DA:31,0
DA:35,0
DA:36,0
DA:38,0
DA:39,0
DA:45,0
DA:54,0
DA:60,0
DA:65,0
DA:73,0
LF:23
LH:0
BRDA:26,0,0,0
BRDA:26,0,1,0
BRDA:31,1,0,0
BRDA:31,1,1,0
BRDA:38,2,0,0
BRDA:38,2,1,0
BRF:6
BRH:0
end_of_record
TN:
SF:deliveries\views\DeliveryDetailView.tsx
FN:19,DeliveryDetailView
FN:27,(anonymous_1)
FN:47,(anonymous_2)
FN:56,(anonymous_3)
FN:82,(anonymous_4)
FN:88,(anonymous_5)
FN:91,(anonymous_6)
FNF:7
FNH:0
FNDA:0,DeliveryDetailView
FNDA:0,(anonymous_1)
FNDA:0,(anonymous_2)
FNDA:0,(anonymous_3)
FNDA:0,(anonymous_4)
FNDA:0,(anonymous_5)
FNDA:0,(anonymous_6)
DA:20,0
DA:22,0
DA:23,0
DA:25,0
DA:27,0
DA:28,0
DA:31,0
DA:33,0
DA:34,0
DA:40,0
DA:47,0
DA:56,0
DA:83,0
DA:84,0
DA:85,0
DA:89,0
DA:92,0
DA:96,0
LF:18
LH:0
BRDA:19,0,0,0
BRDA:33,1,0,0
BRDA:33,1,1,0
BRDA:43,2,0,0
BRDA:43,2,1,0
BRDA:79,3,0,0
BRDA:79,3,1,0
BRDA:81,4,0,0
BRDA:81,4,1,0
BRDA:84,5,0,0
BRDA:84,5,1,0
BRDA:105,6,0,0
BRDA:105,6,1,0
BRF:13
BRH:0
end_of_record
TN:
SF:deliveries\views\DeliveryEditView.tsx
FN:13,DeliveryEditView
FN:23,(anonymous_1)
FN:53,(anonymous_2)
FN:59,(anonymous_3)
FN:63,(anonymous_4)
FN:72,(anonymous_5)
FN:72,(anonymous_6)
FN:76,(anonymous_7)
FNF:8
FNH:0
FNDA:0,DeliveryEditView
FNDA:0,(anonymous_1)
FNDA:0,(anonymous_2)
FNDA:0,(anonymous_3)
FNDA:0,(anonymous_4)
FNDA:0,(anonymous_5)
FNDA:0,(anonymous_6)
FNDA:0,(anonymous_7)
DA:14,0
DA:16,0
DA:18,0
DA:19,0
DA:20,0
DA:21,0
DA:23,0
DA:24,0
DA:25,0
DA:26,0
DA:27,0
DA:28,0
DA:29,0
DA:30,0
DA:34,0
DA:35,0
DA:37,0
DA:38,0
DA:44,0
DA:53,0
DA:59,0
DA:64,0
DA:72,0
LF:23
LH:0
BRDA:25,0,0,0
BRDA:25,0,1,0
BRDA:30,1,0,0
BRDA:30,1,1,0
BRDA:37,2,0,0
BRDA:37,2,1,0
BRF:6
BRH:0
end_of_record
TN:
SF:deliveries\views\DeliveryListView.tsx
FN:14,DeliveryListView
FN:30,(anonymous_1)
FN:35,(anonymous_2)
FN:78,(anonymous_3)
FN:83,(anonymous_4)
FN:98,(anonymous_5)
FN:102,(anonymous_6)
FN:105,(anonymous_7)
FN:113,(anonymous_8)
FN:115,(anonymous_9)
FN:131,(anonymous_10)
FN:147,(anonymous_11)
FN:151,(anonymous_12)
FN:155,(anonymous_13)
FN:159,(anonymous_14)
FN:165,(anonymous_15)
FN:166,(anonymous_16)
FNF:17
FNH:0
FNDA:0,DeliveryListView
FNDA:0,(anonymous_1)
FNDA:0,(anonymous_2)
FNDA:0,(anonymous_3)
FNDA:0,(anonymous_4)
FNDA:0,(anonymous_5)
FNDA:0,(anonymous_6)
FNDA:0,(anonymous_7)
FNDA:0,(anonymous_8)
FNDA:0,(anonymous_9)
FNDA:0,(anonymous_10)
FNDA:0,(anonymous_11)
FNDA:0,(anonymous_12)
FNDA:0,(anonymous_13)
FNDA:0,(anonymous_14)
FNDA:0,(anonymous_15)
FNDA:0,(anonymous_16)
DA:15,0
DA:17,0
DA:18,0
DA:19,0
DA:20,0
DA:21,0
DA:24,0
DA:25,0
DA:27,0
DA:28,0
DA:30,0
DA:31,0
DA:32,0
DA:35,0
DA:36,0
DA:39,0
DA:41,0
DA:78,0
DA:84,0
DA:85,0
DA:98,0
DA:103,0
DA:104,0
DA:105,0
DA:106,0
DA:114,0
DA:115,0
DA:116,0
DA:131,0
DA:147,0
DA:151,0
DA:155,0
DA:166,0
DA:167,0
DA:168,0
DA:169,0
DA:171,0
LF:37
LH:0
BRDA:53,0,0,0
BRDA:53,0,1,0
BRDA:78,1,0,0
BRDA:78,1,1,0
BRDA:98,2,0,0
BRDA:98,2,1,0
BRDA:125,3,0,0
BRDA:125,3,1,0
BRDA:128,4,0,0
BRDA:128,4,1,0
BRDA:129,5,0,0
BRDA:129,5,1,0
BRDA:139,6,0,0
BRDA:139,6,1,0
BRDA:142,7,0,0
BRDA:142,7,1,0
BRDA:143,8,0,0
BRDA:143,8,1,0
BRDA:144,9,0,0
BRDA:144,9,1,0
BRDA:145,10,0,0
BRDA:145,10,1,0
BRDA:164,11,0,0
BRDA:164,11,1,0
BRDA:167,12,0,0
BRDA:167,12,1,0
BRDA:168,13,0,0
BRDA:168,13,1,0
BRF:28
BRH:0
end_of_record
TN:
SF:deliveries\views\NewDeliveryView.tsx
FN:10,NewDeliveryView
FN:29,(anonymous_1)
FN:35,(anonymous_2)
FN:39,(anonymous_3)
FN:48,(anonymous_4)
FN:48,(anonymous_5)
FN:52,(anonymous_6)
FNF:7
FNH:0
FNDA:0,NewDeliveryView
FNDA:0,(anonymous_1)
FNDA:0,(anonymous_2)
FNDA:0,(anonymous_3)
FNDA:0,(anonymous_4)
FNDA:0,(anonymous_5)
FNDA:0,(anonymous_6)
DA:11,0
DA:13,0
DA:14,0
DA:16,0
DA:18,0
DA:20,0
DA:29,0
DA:35,0
DA:40,0
DA:48,0
LF:10
LH:0
BRF:0
BRH:0
end_of_record
TN:
SF:hooks\useColorScheme.ts
FNF:0
FNH:0
LF:0
LH:0
BRF:0
BRH:0
end_of_record
TN:
SF:hooks\useColorScheme.web.ts
FN:7,useColorScheme
FN:10,(anonymous_1)
FNF:2
FNH:0
FNDA:0,useColorScheme
FNDA:0,(anonymous_1)
DA:8,0
DA:10,0
DA:11,0
DA:14,0
DA:16,0
DA:17,0
DA:20,0
LF:7
LH:0
BRDA:16,0,0,0
BRDA:16,0,1,0
BRF:2
BRH:0
end_of_record
TN:
SF:hooks\useStorageState.ts
FN:7,useAsyncState
FN:11,(anonymous_1)
FN:16,setStorageItemAsync
FN:36,useSecureStorageState
FN:41,(anonymous_4)
FN:51,(anonymous_5)
FN:59,(anonymous_6)
FNF:7
FNH:0
FNDA:0,useAsyncState
FNDA:0,(anonymous_1)
FNDA:0,setStorageItemAsync
FNDA:0,useSecureStorageState
FNDA:0,(anonymous_4)
FNDA:0,(anonymous_5)
FNDA:0,(anonymous_6)
DA:10,0
DA:11,0
DA:17,0
DA:18,0
DA:19,0
DA:20,0
DA:22,0
DA:25,0
DA:28,0
DA:29,0
DA:31,0
DA:38,0
DA:41,0
DA:42,0
DA:43,0
DA:44,0
DA:45,0
DA:48,0
DA:51,0
DA:52,0
DA:58,0
DA:60,0
DA:61,0
DA:66,0
LF:24
LH:0
BRDA:8,0,0,0
BRDA:11,1,0,0
BRDA:17,2,0,0
BRDA:17,2,1,0
BRDA:19,3,0,0
BRDA:19,3,1,0
BRDA:28,4,0,0
BRDA:28,4,1,0
BRDA:42,5,0,0
BRDA:42,5,1,0
BRDA:44,6,0,0
BRDA:44,6,1,0
BRF:12
BRH:0
end_of_record
TN:
SF:hooks\useThemeColor.ts
FN:9,useThemeColor
FNF:1
FNH:0
FNDA:0,useThemeColor
DA:10,0
DA:11,0
LF:2
LH:0
BRDA:11,0,0,0
BRDA:11,0,1,0
BRF:2
BRH:0
end_of_record
TN:
SF:hooks\useThemeColors.ts
FN:9,useThemeColors
FNF:1
FNH:0
FNDA:0,useThemeColors
DA:10,0
DA:11,0
LF:2
LH:0
BRDA:10,0,0,0
BRDA:10,0,1,0
BRF:2
BRH:0
end_of_record
TN:
SF:infra\auth\UserService.ts
FN:16,(anonymous_0)
FN:24,(anonymous_1)
FN:32,(anonymous_2)
FNF:3
FNH:0
FNDA:0,(anonymous_0)
FNDA:0,(anonymous_1)
FNDA:0,(anonymous_2)
DA:10,0
DA:17,0
DA:25,0
DA:33,0
LF:4
LH:0
BRF:0
BRH:0
end_of_record
TN:
SF:infra\logger\options\LokiTransporter.ts
FN:22,(anonymous_0)
FN:29,(anonymous_1)
FN:32,(anonymous_2)
FN:43,(anonymous_3)
FN:54,(anonymous_4)
FN:86,(anonymous_5)
FN:97,(anonymous_6)
FN:106,(anonymous_7)
FN:132,(anonymous_8)
FNF:9
FNH:0
FNDA:0,(anonymous_0)
FNDA:0,(anonymous_1)
FNDA:0,(anonymous_2)
FNDA:0,(anonymous_3)
FNDA:0,(anonymous_4)
FNDA:0,(anonymous_5)
FNDA:0,(anonymous_6)
FNDA:0,(anonymous_7)
FNDA:0,(anonymous_8)
DA:22,0
DA:25,0
DA:26,0
DA:29,0
DA:30,0
DA:31,0
DA:32,0
DA:33,0
DA:34,0
DA:36,0
DA:40,0
DA:43,0
DA:44,0
DA:45,0
DA:46,0
DA:47,0
DA:50,0
DA:54,0
DA:66,0
DA:74,0
DA:75,0
DA:78,0
DA:79,0
DA:82,0
DA:86,0
DA:87,0
DA:88,0
DA:89,0
DA:91,0
DA:92,0
DA:93,0
DA:97,0
DA:98,0
DA:101,0
DA:104,0
DA:105,0
DA:106,0
DA:107,0
DA:108,0
DA:110,0
DA:114,0
DA:115,0
DA:119,0
DA:120,0
DA:127,0
DA:128,0
DA:131,0
DA:132,0
DA:133,0
DA:139,0
LF:50
LH:0
BRDA:31,0,0,0
BRDA:31,0,1,0
BRDA:33,1,0,0
BRDA:33,1,1,0
BRDA:44,2,0,0
BRDA:44,2,1,0
BRDA:74,3,0,0
BRDA:74,3,1,0
BRDA:87,4,0,0
BRDA:87,4,1,0
BRDA:91,5,0,0
BRDA:91,5,1,0
BRDA:105,6,0,0
BRDA:105,6,1,0
BRDA:107,7,0,0
BRDA:107,7,1,0
BRDA:107,8,0,0
BRDA:107,8,1,0
BRDA:114,9,0,0
BRDA:114,9,1,0
BRDA:119,10,0,0
BRDA:119,10,1,0
BRDA:127,11,0,0
BRDA:127,11,1,0
BRDA:127,12,0,0
BRDA:127,12,1,0
BRDA:131,13,0,0
BRDA:131,13,1,0
BRDA:134,14,0,0
BRDA:134,14,1,0
BRF:30
BRH:0
end_of_record
TN:
SF:infra\logger\services\AppLogger.ts
FN:13,(anonymous_0)
FN:25,(anonymous_1)
FN:63,(anonymous_2)
FN:67,(anonymous_3)
FN:71,(anonymous_4)
FN:75,(anonymous_5)
FN:85,(anonymous_6)
FN:90,(anonymous_7)
FN:91,(anonymous_8)
FN:92,(anonymous_9)
FN:93,(anonymous_10)
FN:94,(anonymous_11)
FNF:12
FNH:0
FNDA:0,(anonymous_0)
FNDA:0,(anonymous_1)
FNDA:0,(anonymous_2)
FNDA:0,(anonymous_3)
FNDA:0,(anonymous_4)
FNDA:0,(anonymous_5)
FNDA:0,(anonymous_6)
FNDA:0,(anonymous_7)
FNDA:0,(anonymous_8)
FNDA:0,(anonymous_9)
FNDA:0,(anonymous_10)
FNDA:0,(anonymous_11)
DA:17,0
DA:20,0
DA:26,0
DA:27,0
DA:37,0
DA:64,0
DA:68,0
DA:72,0
DA:76,0
DA:86,0
DA:89,0
DA:90,0
DA:91,0
DA:92,0
DA:93,0
DA:94,0
LF:16
LH:0
BRDA:27,0,0,0
BRDA:27,0,1,0
BRDA:45,1,0,0
BRDA:45,1,1,0
BRDA:46,2,0,0
BRDA:46,2,1,0
BRF:6
BRH:0
end_of_record
TN:
SF:infra\storage\AbstractStorageContext.ts
FN:23,(anonymous_0)
FN:40,(anonymous_1)
FN:56,(anonymous_2)
FN:64,(anonymous_3)
FN:68,(anonymous_4)
FN:70,(anonymous_5)
FN:81,(anonymous_6)
FN:85,(anonymous_7)
FN:92,(anonymous_8)
FN:124,(anonymous_9)
FN:138,(anonymous_10)
FN:139,(anonymous_11)
FN:200,(anonymous_12)
FNF:13
FNH:0
FNDA:0,(anonymous_0)
FNDA:0,(anonymous_1)
FNDA:0,(anonymous_2)
FNDA:0,(anonymous_3)
FNDA:0,(anonymous_4)
FNDA:0,(anonymous_5)
FNDA:0,(anonymous_6)
FNDA:0,(anonymous_7)
FNDA:0,(anonymous_8)
FNDA:0,(anonymous_9)
FNDA:0,(anonymous_10)
FNDA:0,(anonymous_11)
FNDA:0,(anonymous_12)
DA:17,0
DA:28,0
DA:29,0
DA:31,0
DA:33,0
DA:37,0
DA:41,0
DA:42,0
DA:51,0
DA:52,0
DA:56,0
DA:57,0
DA:58,0
DA:59,0
DA:65,0
DA:69,0
DA:72,0
DA:73,0
DA:74,0
DA:77,0
DA:78,0
DA:79,0
DA:82,0
DA:83,0
DA:89,0
DA:90,0
DA:96,0
DA:124,0
DA:138,0
DA:139,0
DA:201,0
LF:31
LH:0
BRDA:42,0,0,0
BRDA:42,0,1,0
BRDA:58,1,0,0
BRDA:58,1,1,0
BRDA:72,2,0,0
BRDA:72,2,1,0
BRDA:78,3,0,0
BRDA:78,3,1,0
BRDA:105,4,0,0
BRDA:105,4,1,0
BRF:10
BRH:0
end_of_record
TN:
SF:models\Address.ts
FNF:0
FNH:0
DA:11,0
LF:1
LH:0
BRF:0
BRH:0
end_of_record
TN:
SF:models\HateoasLink.ts
FNF:0
FNH:0
LF:0
LH:0
BRF:0
BRH:0
end_of_record
TN:
SF:models\Identifiable.ts
FNF:0
FNH:0
LF:0
LH:0
BRF:0
BRH:0
end_of_record
TN:
SF:models\Storable.ts
FNF:0
FNH:0
LF:0
LH:0
BRF:0
BRH:0
end_of_record
TN:
SF:reports\components\ReportDataTable.tsx
FN:12,ReportDataTable
FN:24,(anonymous_1)
FNF:2
FNH:0
FNDA:0,ReportDataTable
FNDA:0,(anonymous_1)
DA:13,0
DA:14,0
DA:15,0
DA:25,0
LF:4
LH:0
BRF:0
BRH:0
end_of_record
TN:
SF:reports\components\ReportDataTableRow.tsx
FN:11,ReportDataTableRow
FN:21,(anonymous_1)
FNF:2
FNH:0
FNDA:0,ReportDataTableRow
FNDA:0,(anonymous_1)
DA:12,0
DA:14,0
DA:16,0
DA:22,0
LF:4
LH:0
BRDA:22,0,0,0
BRDA:22,0,1,0
BRF:2
BRH:0
end_of_record
TN:
SF:reports\components\ReportDeliveryList.tsx
FN:13,ReportDeliveryList
FN:32,(anonymous_1)
FN:35,(anonymous_2)
FNF:3
FNH:0
FNDA:0,ReportDeliveryList
FNDA:0,(anonymous_1)
FNDA:0,(anonymous_2)
DA:14,0
DA:15,0
DA:17,0
DA:33,0
DA:36,0
LF:5
LH:0
BRF:0
BRH:0
end_of_record
TN:
SF:reports\components\ReportDeliveryRow.tsx
FN:11,ReportDeliveryRow
FN:29,(anonymous_1)
FNF:2
FNH:0
FNDA:0,ReportDeliveryRow
FNDA:0,(anonymous_1)
DA:12,0
DA:13,0
DA:14,0
DA:16,0
DA:29,0
LF:5
LH:0
BRDA:19,0,0,0
BRDA:19,0,1,0
BRDA:25,1,0,0
BRDA:25,1,1,0
BRDA:29,2,0,0
BRDA:29,2,1,0
BRDA:45,3,0,0
BRDA:45,3,1,0
BRF:8
BRH:0
end_of_record
TN:
SF:reports\models\Report.ts
FN:10,(anonymous_0)
FN:22,(anonymous_1)
FN:25,(anonymous_2)
FN:25,(anonymous_3)
FN:26,(anonymous_4)
FNF:5
FNH:0
FNDA:0,(anonymous_0)
FNDA:0,(anonymous_1)
FNDA:0,(anonymous_2)
FNDA:0,(anonymous_3)
FNDA:0,(anonymous_4)
DA:15,0
DA:16,0
DA:17,0
DA:18,0
DA:19,0
DA:23,0
DA:25,0
DA:26,0
DA:29,0
LF:9
LH:0
BRDA:23,0,0,0
BRDA:23,0,1,0
BRDA:33,1,0,0
BRDA:33,1,1,0
BRF:4
BRH:0
end_of_record
TN:
SF:reports\viewModels\ReportViewModel.ts
FN:8,(anonymous_0)
FN:14,(anonymous_1)
FN:19,(anonymous_2)
FN:23,(anonymous_3)
FN:24,(anonymous_4)
FN:29,useReportViewModel
FNF:6
FNH:0
FNDA:0,(anonymous_0)
FNDA:0,(anonymous_1)
FNDA:0,(anonymous_2)
FNDA:0,(anonymous_3)
FNDA:0,(anonymous_4)
FNDA:0,useReportViewModel
DA:9,0
DA:10,0
DA:11,0
DA:15,0
DA:16,0
DA:20,0
DA:24,0
DA:30,0
LF:8
LH:0
BRDA:9,0,0,0
BRDA:9,0,1,0
BRF:2
BRH:0
end_of_record
TN:
SF:reports\views\ReportDetailView.tsx
FN:12,ReportDetailView
FN:19,(anonymous_1)
FN:23,(anonymous_2)
FN:44,(anonymous_3)
FNF:4
FNH:0
FNDA:0,ReportDetailView
FNDA:0,(anonymous_1)
FNDA:0,(anonymous_2)
FNDA:0,(anonymous_3)
DA:13,0
DA:14,0
DA:15,0
DA:16,0
DA:17,0
DA:19,0
DA:20,0
DA:23,0
DA:24,0
DA:27,0
DA:28,0
DA:34,0
LF:12
LH:0
BRDA:24,0,0,0
BRDA:24,0,1,0
BRDA:27,1,0,0
BRDA:27,1,1,0
BRF:4
BRH:0
end_of_record
TN:
SF:reports\views\ReportListView.tsx
FN:10,ReportListView
FN:15,(anonymous_1)
FN:41,(anonymous_2)
FN:47,(anonymous_3)
FNF:4
FNH:0
FNDA:0,ReportListView
FNDA:0,(anonymous_1)
FNDA:0,(anonymous_2)
FNDA:0,(anonymous_3)
DA:11,0
DA:12,0
DA:13,0
DA:15,0
DA:16,0
DA:19,0
DA:20,0
DA:27,0
DA:47,0
LF:9
LH:0
BRDA:19,0,0,0
BRDA:19,0,1,0
BRF:2
BRH:0
end_of_record
TN:
SF:services\AddressService.ts
FN:13,(anonymous_0)
FN:19,(anonymous_1)
FN:42,(anonymous_2)
FN:49,(anonymous_3)
FNF:4
FNH:3
FNDA:1,(anonymous_0)
FNDA:0,(anonymous_1)
FNDA:3,(anonymous_2)
FNDA:4,(anonymous_3)
DA:16,1
DA:20,0
DA:21,0
DA:25,0
DA:26,0
DA:29,0
DA:35,0
DA:38,0
DA:43,3
DA:44,3
DA:45,3
DA:46,1
DA:48,2
DA:49,2
DA:50,4
DA:56,4
DA:59,1
DA:60,1
LF:18
LH:11
BRDA:25,0,0,0
BRDA:25,0,1,0
BRDA:29,1,0,0
BRDA:29,1,1,0
BRDA:35,2,0,0
BRDA:35,2,1,0
BRDA:45,3,0,1
BRDA:45,3,1,2
BRF:8
BRH:2
end_of_record
TN:
SF:services\DateToolbox.ts
FN:2,(anonymous_0)
FNF:1
FNH:0
FNDA:0,(anonymous_0)
DA:3,0
DA:4,0
LF:2
LH:0
BRF:0
BRH:0
end_of_record
TN:
SF:spi\AddressSPI.ts
FNF:0
FNH:0
LF:0
LH:0
BRF:0
BRH:0
end_of_record
TN:
SF:spi\AuthSPI.ts
FNF:0
FNH:0
LF:0
LH:0
BRF:0
BRH:0
end_of_record
TN:
SF:spi\LogsSPI.ts
FNF:0
FNH:0
LF:0
LH:0
BRF:0
BRH:0
end_of_record
TN:
SF:spi\StorageSPI.ts
FNF:0
FNH:0
LF:0
LH:0
BRF:0
BRH:0
end_of_record
TN:
SF:steps\components\StepCard.tsx
FN:16,StepCard
FN:32,(anonymous_1)
FN:45,(anonymous_2)
FN:59,(anonymous_3)
FN:69,(anonymous_4)
FN:79,(anonymous_5)
FNF:6
FNH:0
FNDA:0,StepCard
FNDA:0,(anonymous_1)
FNDA:0,(anonymous_2)
FNDA:0,(anonymous_3)
FNDA:0,(anonymous_4)
FNDA:0,(anonymous_5)
DA:17,0
DA:19,0
DA:21,0
DA:23,0
DA:25,0
DA:33,0
DA:46,0
DA:59,0
DA:70,0
DA:71,0
DA:80,0
DA:81,0
LF:12
LH:0
BRDA:16,0,0,0
BRDA:29,1,0,0
BRDA:29,1,1,0
BRDA:30,2,0,0
BRDA:30,2,1,0
BRDA:33,3,0,0
BRDA:33,3,1,0
BRDA:40,4,0,0
BRDA:40,4,1,0
BRDA:80,5,0,0
BRDA:80,5,1,0
BRF:11
BRH:0
end_of_record
TN:
SF:steps\components\StepCardAssign.tsx
FN:16,StepCardAssign
FN:22,(anonymous_1)
FN:26,(anonymous_2)
FN:41,(anonymous_3)
FN:59,(anonymous_4)
FN:64,(anonymous_5)
FNF:6
FNH:0
FNDA:0,StepCardAssign
FNDA:0,(anonymous_1)
FNDA:0,(anonymous_2)
FNDA:0,(anonymous_3)
FNDA:0,(anonymous_4)
FNDA:0,(anonymous_5)
DA:17,0
DA:19,0
DA:20,0
DA:22,0
DA:23,0
DA:26,0
DA:27,0
DA:28,0
DA:29,0
DA:32,0
DA:41,0
DA:59,0
DA:65,0
LF:13
LH:0
BRDA:19,0,0,0
BRDA:19,0,1,0
BRDA:20,1,0,0
BRDA:20,1,1,0
BRDA:20,2,0,0
BRDA:20,2,1,0
BRDA:41,3,0,0
BRDA:41,3,1,0
BRDA:59,4,0,0
BRDA:59,4,1,0
BRF:10
BRH:0
end_of_record
TN:
SF:steps\components\StepCardList.tsx
FN:12,StepCardList
FN:19,(anonymous_1)
FN:24,(anonymous_2)
FNF:3
FNH:0
FNDA:0,StepCardList
FNDA:0,(anonymous_1)
FNDA:0,(anonymous_2)
DA:14,0
DA:16,0
DA:20,0
DA:21,0
DA:24,0
LF:5
LH:0
BRDA:24,0,0,0
BRDA:24,0,1,0
BRF:2
BRH:0
end_of_record
TN:
SF:steps\components\StepDataTable.tsx
FN:14,StepDataTable
FN:35,(anonymous_1)
FNF:2
FNH:0
FNDA:0,StepDataTable
FNDA:0,(anonymous_1)
DA:15,0
DA:16,0
DA:18,0
DA:36,0
LF:4
LH:0
BRDA:14,0,0,0
BRDA:14,1,0,0
BRDA:20,2,0,0
BRDA:20,2,1,0
BRDA:39,3,0,0
BRDA:39,3,1,0
BRF:6
BRH:0
end_of_record
TN:
SF:steps\components\StepDataTableRow.tsx
FN:15,StepDataTableRow
FN:29,(anonymous_1)
FN:57,(anonymous_2)
FN:58,(anonymous_3)
FN:59,(anonymous_4)
FNF:5
FNH:0
FNDA:0,StepDataTableRow
FNDA:0,(anonymous_1)
FNDA:0,(anonymous_2)
FNDA:0,(anonymous_3)
FNDA:0,(anonymous_4)
DA:16,0
DA:17,0
DA:19,0
DA:25,0
DA:27,0
DA:30,0
DA:31,0
DA:57,0
DA:58,0
DA:60,0
DA:61,0
DA:62,0
LF:12
LH:0
BRDA:15,0,0,0
BRDA:15,1,0,0
BRDA:21,2,0,0
BRDA:21,2,1,0
BRDA:22,3,0,0
BRDA:22,3,1,0
BRDA:30,4,0,0
BRDA:30,4,1,0
BRDA:31,5,0,0
BRDA:31,5,1,0
BRDA:33,6,0,0
BRDA:33,6,1,0
BRDA:51,7,0,0
BRDA:51,7,1,0
BRF:14
BRH:0
end_of_record
TN:
SF:steps\components\StepDataTableRowAssign.tsx
FN:16,StepDataTableRowAssign
FN:28,(anonymous_1)
FN:36,(anonymous_2)
FN:72,(anonymous_3)
FN:86,(anonymous_4)
FN:87,(anonymous_5)
FN:88,(anonymous_6)
FN:96,(anonymous_7)
FNF:8
FNH:0
FNDA:0,StepDataTableRowAssign
FNDA:0,(anonymous_1)
FNDA:0,(anonymous_2)
FNDA:0,(anonymous_3)
FNDA:0,(anonymous_4)
FNDA:0,(anonymous_5)
FNDA:0,(anonymous_6)
FNDA:0,(anonymous_7)
DA:17,0
DA:18,0
DA:20,0
DA:26,0
DA:28,0
DA:29,0
DA:30,0
DA:31,0
DA:34,0
DA:37,0
DA:38,0
DA:73,0
DA:74,0
DA:75,0
DA:76,0
DA:77,0
DA:79,0
DA:86,0
DA:87,0
DA:89,0
DA:97,0
DA:98,0
DA:99,0
DA:100,0
DA:101,0
DA:103,0
LF:26
LH:0
BRDA:16,0,0,0
BRDA:16,1,0,0
BRDA:22,2,0,0
BRDA:22,2,1,0
BRDA:23,3,0,0
BRDA:23,3,1,0
BRDA:37,4,0,0
BRDA:37,4,1,0
BRDA:38,5,0,0
BRDA:38,5,1,0
BRDA:40,6,0,0
BRDA:40,6,1,0
BRDA:64,7,0,0
BRDA:64,7,1,0
BRDA:75,8,0,0
BRDA:75,8,1,0
BRDA:99,9,0,0
BRDA:99,9,1,0
BRF:18
BRH:0
end_of_record
TN:
SF:steps\components\StepDatatableAssign.tsx
FN:15,StepDataTableAssign
FN:38,(anonymous_1)
FNF:2
FNH:0
FNDA:0,StepDataTableAssign
FNDA:0,(anonymous_1)
DA:16,0
DA:17,0
DA:19,0
DA:39,0
LF:4
LH:0
BRDA:15,0,0,0
BRDA:15,1,0,0
BRDA:22,2,0,0
BRDA:22,2,1,0
BRDA:42,3,0,0
BRDA:42,3,1,0
BRF:6
BRH:0
end_of_record
TN:
SF:steps\components\inputs\StepInputDataTable.tsx
FN:11,StepInputDataTable
FN:40,(anonymous_1)
FNF:2
FNH:0
FNDA:0,StepInputDataTable
FNDA:0,(anonymous_1)
DA:12,0
DA:14,0
DA:41,0
LF:3
LH:0
BRF:0
BRH:0
end_of_record
TN:
SF:steps\components\inputs\StepRowInput.tsx
FN:15,StepRowInput
FN:31,(anonymous_1)
FN:36,(anonymous_2)
FN:48,(anonymous_3)
FN:64,(anonymous_4)
FN:74,(anonymous_5)
FN:82,(anonymous_6)
FN:90,(anonymous_7)
FNF:8
FNH:0
FNDA:0,StepRowInput
FNDA:0,(anonymous_1)
FNDA:0,(anonymous_2)
FNDA:0,(anonymous_3)
FNDA:0,(anonymous_4)
FNDA:0,(anonymous_5)
FNDA:0,(anonymous_6)
FNDA:0,(anonymous_7)
DA:16,0
DA:17,0
DA:21,0
DA:22,0
DA:23,0
DA:24,0
DA:25,0
DA:26,0
DA:28,0
DA:31,0
DA:36,0
DA:50,0
DA:51,0
DA:53,0
DA:54,0
DA:55,0
DA:65,0
DA:74,0
DA:82,0
DA:90,0
LF:20
LH:0
BRDA:24,0,0,0
BRDA:24,0,1,0
BRDA:25,1,0,0
BRDA:25,1,1,0
BRDA:26,2,0,0
BRDA:26,2,1,0
BRDA:36,3,0,0
BRDA:36,3,1,0
BRDA:50,4,0,0
BRDA:50,4,1,0
BRF:10
BRH:0
end_of_record
TN:
SF:steps\models\Step.ts
FN:21,(anonymous_0)
FN:47,(anonymous_1)
FN:51,(anonymous_2)
FN:55,(anonymous_3)
FNF:4
FNH:0
FNDA:0,(anonymous_0)
FNDA:0,(anonymous_1)
FNDA:0,(anonymous_2)
FNDA:0,(anonymous_3)
DA:32,0
DA:33,0
DA:34,0
DA:35,0
DA:36,0
DA:37,0
DA:38,0
DA:39,0
DA:41,0
DA:42,0
DA:44,0
DA:48,0
DA:52,0
DA:56,0
DA:57,0
LF:15
LH:0
BRDA:29,0,0,0
BRDA:30,1,0,0
BRDA:56,2,0,0
BRDA:56,2,1,0
BRF:4
BRH:0
end_of_record
TN:
SF:steps\models\StepNotice.ts
FNF:0
FNH:0
LF:0
LH:0
BRF:0
BRH:0
end_of_record
TN:
SF:steps\models\StepType.ts
FNF:0
FNH:0
LF:0
LH:0
BRF:0
BRH:0
end_of_record
TN:
SF:steps\views\MyDeliveryView.tsx
FN:9,MyDeliveryView
FN:18,(anonymous_1)
FN:49,(anonymous_2)
FNF:3
FNH:0
FNDA:0,MyDeliveryView
FNDA:0,(anonymous_1)
FNDA:0,(anonymous_2)
DA:10,0
DA:12,0
DA:14,0
DA:16,0
DA:18,0
DA:19,0
DA:22,0
DA:49,0
LF:8
LH:0
BRF:0
BRH:0
end_of_record
TN:
SF:steps\views\StepDetailView.tsx
FN:18,StepDetailView
FN:29,(anonymous_1)
FN:55,(anonymous_2)
FN:64,(anonymous_3)
FN:110,(anonymous_4)
FN:116,(anonymous_5)
FN:122,(anonymous_6)
FNF:7
FNH:0
FNDA:0,StepDetailView
FNDA:0,(anonymous_1)
FNDA:0,(anonymous_2)
FNDA:0,(anonymous_3)
FNDA:0,(anonymous_4)
FNDA:0,(anonymous_5)
FNDA:0,(anonymous_6)
DA:19,0
DA:20,0
DA:22,0
DA:24,0
DA:26,0
DA:27,0
DA:29,0
DA:30,0
DA:31,0
DA:32,0
DA:33,0
DA:36,0
DA:38,0
DA:39,0
DA:45,0
DA:55,0
DA:64,0
LF:17
LH:0
BRDA:18,0,0,0
BRDA:18,1,0,0
BRDA:30,2,0,0
BRDA:30,2,1,0
BRDA:32,3,0,0
BRDA:32,3,1,0
BRDA:38,4,0,0
BRDA:38,4,1,0
BRDA:38,5,0,0
BRDA:38,5,1,0
BRDA:51,6,0,0
BRDA:51,6,1,0
BRDA:98,7,0,0
BRDA:98,7,1,0
BRF:14
BRH:0
end_of_record
TN:
SF:style\datatableStyle.ts
FNF:0
FNH:0
DA:3,0
LF:1
LH:0
BRF:0
BRH:0
end_of_record
TN:
SF:style\formStyle.ts
FNF:0
FNH:0
DA:3,1
LF:1
LH:1
BRF:0
BRH:0
end_of_record
